[2020Oct22 11:02:33,458][INFO ][1603380753458][doPost RTBSSLSServlet.java:60][XML Recibido: <?xml version="1.0" encoding="utf-8"?><RTBS_SLS_IN><Channel>SIEBEL</Channel><System>SIEBEL</System><SIMCard><IMSI>584128888888</IMSI></SIMCard></RTBS_SLS_IN>]
[2020Oct22 11:02:33,507][INFO ][1603380753458][processRequest FCController.java:231][El iccid solicitado no ha sido encontrado en la base de datos]
[2020Oct22 11:02:33,508][INFO ][1603380753458][doPost RTBSSLSServlet.java:73][Response Generado: <?xml version="1.0" encoding="UTF-8"?>
<RTBS_SLS_OUT>
	<OperationMessage>
		<Code>RTBS_SLS_OM0003</Code>
		<Message>La informacion solicitada no ha sido encontrada en la base de datos</Message>
	</OperationMessage>
</RTBS_SLS_OUT>
]
[2020Oct22 11:06:46,962][INFO ][1603381006961][doPost RTBSSLSServlet.java:60][XML Recibido: <?xml version="1.0" encoding="utf-8"?><RTBS_SLS_IN><Channel>SIEBEL</Channel><System>SIEBEL</System><SIMCard><IMSI>584128888888</IMSI></SIMCard></RTBS_SLS_IN>]
[2020Oct22 11:06:46,977][INFO ][1603381006961][processRequest FCController.java:231][El iccid solicitado no ha sido encontrado en la base de datos]
[2020Oct22 11:06:46,978][INFO ][1603381006961][doPost RTBSSLSServlet.java:73][Response Generado: <?xml version="1.0" encoding="UTF-8"?>
<RTBS_SLS_OUT>
	<OperationMessage>
		<Code>RTBS_SLS_OM0003</Code>
		<Message>La informacion solicitada no ha sido encontrada en la base de datos</Message>
	</OperationMessage>
</RTBS_SLS_OUT>
]
[2020Oct22 11:12:49,271][INFO ][1603381369271][doPost RTBSSLSServlet.java:60][XML Recibido: <?xml version="1.0" encoding="utf-8"?><RTBS_SLS_IN><Channel>SIEBEL</Channel><System>SIEBEL</System><SIMCard><IMSI>584128888888</IMSI></SIMCard></RTBS_SLS_IN>]
[2020Oct22 11:12:49,286][INFO ][1603381369271][processRequest FCController.java:231][El iccid solicitado no ha sido encontrado en la base de datos]
[2020Oct22 11:12:49,287][INFO ][1603381369271][doPost RTBSSLSServlet.java:73][Response Generado: <?xml version="1.0" encoding="UTF-8"?>
<RTBS_SLS_OUT>
	<OperationMessage>
		<Code>RTBS_SLS_OM0003</Code>
		<Message>La informacion solicitada no ha sido encontrada en la base de datos</Message>
	</OperationMessage>
</RTBS_SLS_OUT>
]
[2020Oct22 11:16:03,802][INFO ][1603381563802][doPost RTBSSLSServlet.java:60][XML Recibido: <?xml version="1.0" encoding="utf-8"?><RTBS_SLS_IN><Channel>SIEBEL</Channel><System>SIEBEL</System><SIMCard><IMSI>584128888888</IMSI></SIMCard></RTBS_SLS_IN>]
[2020Oct22 11:16:03,818][INFO ][1603381563802][processRequest FCController.java:231][El iccid solicitado no ha sido encontrado en la base de datos]
[2020Oct22 11:16:03,819][INFO ][1603381563802][doPost RTBSSLSServlet.java:73][Response Generado: <?xml version="1.0" encoding="UTF-8"?>
<RTBS_SLS_OUT>
	<OperationMessage>
		<Code>RTBS_SLS_OM0003</Code>
		<Message>La informacion solicitada no ha sido encontrada en la base de datos</Message>
	</OperationMessage>
</RTBS_SLS_OUT>
]
[2020Oct22 11:17:47,118][INFO ][1603381667118][doPost RTBSSLSServlet.java:60][XML Recibido: <?xml version="1.0" encoding="utf-8"?><RTBS_SLS_IN><Channel>SIEBEL</Channel><System>SIEBEL</System><SIMCard><IMSI>584128888888</IMSI></SIMCard></RTBS_SLS_IN>]
[2020Oct22 11:17:47,135][INFO ][1603381667118][processRequest FCController.java:231][El iccid solicitado no ha sido encontrado en la base de datos]
[2020Oct22 11:17:47,136][INFO ][1603381667118][doPost RTBSSLSServlet.java:73][Response Generado: <?xml version="1.0" encoding="UTF-8"?>
<RTBS_SLS_OUT>
	<OperationMessage>
		<Code>RTBS_SLS_OM0003</Code>
		<Message>La informacion solicitada no ha sido encontrada en la base de datos</Message>
	</OperationMessage>
</RTBS_SLS_OUT>
]
[2020Oct22 11:19:31,231][INFO ][1603381771231][doPost RTBSSLSServlet.java:60][XML Recibido: <?xml version="1.0" encoding="utf-8"?><RTBS_SLS_IN><Channel>SIEBEL</Channel><System>SIEBEL</System><SIMCard><IMSI>584128888888</IMSI></SIMCard></RTBS_SLS_IN>]
[2020Oct22 11:19:31,247][INFO ][1603381771231][processRequest FCController.java:231][El iccid solicitado no ha sido encontrado en la base de datos]
[2020Oct22 11:19:31,248][INFO ][1603381771231][doPost RTBSSLSServlet.java:73][Response Generado: <?xml version="1.0" encoding="UTF-8"?>
<RTBS_SLS_OUT>
	<OperationMessage>
		<Code>RTBS_SLS_OM0003</Code>
		<Message>La informacion solicitada no ha sido encontrada en la base de datos</Message>
	</OperationMessage>
</RTBS_SLS_OUT>
]
[2020Oct22 11:23:37,337][INFO ][1603382017337][doPost RTBSSLSServlet.java:60][XML Recibido: <?xml version="1.0" encoding="utf-8"?><RTBS_SLS_IN><Channel>SIEBEL</Channel><System>SIEBEL</System><SIMCard><IMSI>584128888888</IMSI></SIMCard></RTBS_SLS_IN>]
[2020Oct22 11:23:37,352][INFO ][1603382017337][processRequest FCController.java:231][El iccid solicitado no ha sido encontrado en la base de datos]
[2020Oct22 11:23:37,354][INFO ][1603382017337][doPost RTBSSLSServlet.java:73][Response Generado: <?xml version="1.0" encoding="UTF-8"?>
<RTBS_SLS_OUT>
	<OperationMessage>
		<Code>RTBS_SLS_OM0003</Code>
		<Message>La informacion solicitada no ha sido encontrada en la base de datos</Message>
	</OperationMessage>
</RTBS_SLS_OUT>
]
[2020Oct22 11:27:39,163][INFO ][1603382259163][doPost RTBSSLSServlet.java:60][XML Recibido: <?xml version="1.0" encoding="utf-8"?><RTBS_SLS_IN><Channel>SIEBEL</Channel><System>SIEBEL</System><SIMCard><IMSI>584128888888</IMSI></SIMCard></RTBS_SLS_IN>]
[2020Oct22 11:27:39,178][INFO ][1603382259163][processRequest FCController.java:231][El iccid solicitado no ha sido encontrado en la base de datos]
[2020Oct22 11:27:39,180][INFO ][1603382259163][doPost RTBSSLSServlet.java:73][Response Generado: <?xml version="1.0" encoding="UTF-8"?>
<RTBS_SLS_OUT>
	<OperationMessage>
		<Code>RTBS_SLS_OM0003</Code>
		<Message>La informacion solicitada no ha sido encontrada en la base de datos</Message>
	</OperationMessage>
</RTBS_SLS_OUT>
]
[2020Oct22 11:31:25,519][INFO ][1603382485519][doPost RTBSSLSServlet.java:60][XML Recibido: <?xml version="1.0" encoding="utf-8"?><RTBS_SLS_IN><Channel>SIEBEL</Channel><System>SIEBEL</System><SIMCard><IMSI>584128888888</IMSI></SIMCard></RTBS_SLS_IN>]
[2020Oct22 11:31:25,534][INFO ][1603382485519][processRequest FCController.java:231][El iccid solicitado no ha sido encontrado en la base de datos]
[2020Oct22 11:31:25,536][INFO ][1603382485519][doPost RTBSSLSServlet.java:73][Response Generado: <?xml version="1.0" encoding="UTF-8"?>
<RTBS_SLS_OUT>
	<OperationMessage>
		<Code>RTBS_SLS_OM0003</Code>
		<Message>La informacion solicitada no ha sido encontrada en la base de datos</Message>
	</OperationMessage>
</RTBS_SLS_OUT>
]
[2020Oct22 11:33:42,572][INFO ][1603382622572][doPost RTBSSLSServlet.java:60][XML Recibido: <?xml version="1.0" encoding="utf-8"?><RTBS_SLS_IN><Channel>SIEBEL</Channel><System>SIEBEL</System><SIMCard><IMSI>584128888888</IMSI></SIMCard></RTBS_SLS_IN>]
[2020Oct22 11:33:42,588][INFO ][1603382622572][processRequest FCController.java:231][El iccid solicitado no ha sido encontrado en la base de datos]
[2020Oct22 11:33:42,589][INFO ][1603382622572][doPost RTBSSLSServlet.java:73][Response Generado: <?xml version="1.0" encoding="UTF-8"?>
<RTBS_SLS_OUT>
	<OperationMessage>
		<Code>RTBS_SLS_OM0003</Code>
		<Message>La informacion solicitada no ha sido encontrada en la base de datos</Message>
	</OperationMessage>
</RTBS_SLS_OUT>
]
[2020Oct22 11:35:11,124][INFO ][1603382711124][doPost RTBSSLSServlet.java:60][XML Recibido: <?xml version="1.0" encoding="utf-8"?><RTBS_SLS_IN><Channel>SIEBEL</Channel><System>SIEBEL</System><SIMCard><IMSI>584128888888</IMSI></SIMCard></RTBS_SLS_IN>]
[2020Oct22 11:35:11,141][INFO ][1603382711124][processRequest FCController.java:231][El iccid solicitado no ha sido encontrado en la base de datos]
[2020Oct22 11:35:11,142][INFO ][1603382711124][doPost RTBSSLSServlet.java:73][Response Generado: <?xml version="1.0" encoding="UTF-8"?>
<RTBS_SLS_OUT>
	<OperationMessage>
		<Code>RTBS_SLS_OM0003</Code>
		<Message>La informacion solicitada no ha sido encontrada en la base de datos</Message>
	</OperationMessage>
</RTBS_SLS_OUT>
]
[2020Oct22 11:37:36,283][INFO ][1603382856283][doPost RTBSSLSServlet.java:60][XML Recibido: <?xml version="1.0" encoding="utf-8"?><RTBS_SLS_IN><Channel>SIEBEL</Channel><System>SIEBEL</System><SIMCard><IMSI>584128888888</IMSI></SIMCard></RTBS_SLS_IN>]
[2020Oct22 11:37:36,299][INFO ][1603382856283][processRequest FCController.java:231][El iccid solicitado no ha sido encontrado en la base de datos]
[2020Oct22 11:37:36,300][INFO ][1603382856283][doPost RTBSSLSServlet.java:73][Response Generado: <?xml version="1.0" encoding="UTF-8"?>
<RTBS_SLS_OUT>
	<OperationMessage>
		<Code>RTBS_SLS_OM0003</Code>
		<Message>La informacion solicitada no ha sido encontrada en la base de datos</Message>
	</OperationMessage>
</RTBS_SLS_OUT>
]
[2020Oct22 11:40:00,552][INFO ][1603383000552][doPost RTBSSLSServlet.java:60][XML Recibido: <?xml version="1.0" encoding="utf-8"?><RTBS_SLS_IN><Channel>SIEBEL</Channel><System>SIEBEL</System><SIMCard><IMSI>584128888888</IMSI></SIMCard></RTBS_SLS_IN>]
[2020Oct22 11:40:00,568][INFO ][1603383000552][processRequest FCController.java:231][El iccid solicitado no ha sido encontrado en la base de datos]
[2020Oct22 11:40:00,569][INFO ][1603383000552][doPost RTBSSLSServlet.java:73][Response Generado: <?xml version="1.0" encoding="UTF-8"?>
<RTBS_SLS_OUT>
	<OperationMessage>
		<Code>RTBS_SLS_OM0003</Code>
		<Message>La informacion solicitada no ha sido encontrada en la base de datos</Message>
	</OperationMessage>
</RTBS_SLS_OUT>
]
[2020Oct22 11:43:23,893][INFO ][1603383203893][doPost RTBSSLSServlet.java:60][XML Recibido: <?xml version="1.0" encoding="utf-8"?><RTBS_SLS_IN><Channel>SIEBEL</Channel><System>SIEBEL</System><SIMCard><IMSI>584128888888</IMSI></SIMCard></RTBS_SLS_IN>]
[2020Oct22 11:43:23,909][INFO ][1603383203893][processRequest FCController.java:231][El iccid solicitado no ha sido encontrado en la base de datos]
[2020Oct22 11:43:23,910][INFO ][1603383203893][doPost RTBSSLSServlet.java:73][Response Generado: <?xml version="1.0" encoding="UTF-8"?>
<RTBS_SLS_OUT>
	<OperationMessage>
		<Code>RTBS_SLS_OM0003</Code>
		<Message>La informacion solicitada no ha sido encontrada en la base de datos</Message>
	</OperationMessage>
</RTBS_SLS_OUT>
]
[2020Oct22 11:44:11,313][INFO ][1603383251313][doPost RTBSSLSServlet.java:60][XML Recibido: <?xml version="1.0" encoding="utf-8"?><RTBS_SLS_IN><Channel>SIEBEL</Channel><System>SIEBEL</System><SIMCard><IMSI>584128888888</IMSI></SIMCard></RTBS_SLS_IN>]
[2020Oct22 11:44:11,329][INFO ][1603383251313][processRequest FCController.java:231][El iccid solicitado no ha sido encontrado en la base de datos]
[2020Oct22 11:44:11,330][INFO ][1603383251313][doPost RTBSSLSServlet.java:73][Response Generado: <?xml version="1.0" encoding="UTF-8"?>
<RTBS_SLS_OUT>
	<OperationMessage>
		<Code>RTBS_SLS_OM0003</Code>
		<Message>La informacion solicitada no ha sido encontrada en la base de datos</Message>
	</OperationMessage>
</RTBS_SLS_OUT>
]
[2020Oct22 11:51:03,217][INFO ][1603383663217][doPost RTBSSLSServlet.java:60][XML Recibido: <?xml version="1.0" encoding="utf-8"?><RTBS_SLS_IN><Channel>SIEBEL</Channel><System>SIEBEL</System><SIMCard><IMSI>584128888888</IMSI></SIMCard></RTBS_SLS_IN>]
[2020Oct22 11:51:03,233][INFO ][1603383663217][processRequest FCController.java:231][El iccid solicitado no ha sido encontrado en la base de datos]
[2020Oct22 11:51:03,234][INFO ][1603383663217][doPost RTBSSLSServlet.java:73][Response Generado: <?xml version="1.0" encoding="UTF-8"?>
<RTBS_SLS_OUT>
	<OperationMessage>
		<Code>RTBS_SLS_OM0003</Code>
		<Message>La informacion solicitada no ha sido encontrada en la base de datos</Message>
	</OperationMessage>
</RTBS_SLS_OUT>
]
[2020Oct22 11:55:43,927][INFO ][1603383943927][doPost RTBSSLSServlet.java:60][XML Recibido: <?xml version="1.0" encoding="utf-8"?><RTBS_SLS_IN><Channel>SIEBEL</Channel><System>SIEBEL</System><SIMCard><IMSI>584128888888</IMSI></SIMCard></RTBS_SLS_IN>]
[2020Oct22 11:55:43,943][INFO ][1603383943927][processRequest FCController.java:231][El iccid solicitado no ha sido encontrado en la base de datos]
[2020Oct22 11:55:43,945][INFO ][1603383943927][doPost RTBSSLSServlet.java:73][Response Generado: <?xml version="1.0" encoding="UTF-8"?>
<RTBS_SLS_OUT>
	<OperationMessage>
		<Code>RTBS_SLS_OM0003</Code>
		<Message>La informacion solicitada no ha sido encontrada en la base de datos</Message>
	</OperationMessage>
</RTBS_SLS_OUT>
]
[2020Oct22 11:58:06,532][INFO ][1603384086532][doPost RTBSSLSServlet.java:60][XML Recibido: <?xml version="1.0" encoding="utf-8"?><RTBS_SLS_IN><Channel>SIEBEL</Channel><System>SIEBEL</System><SIMCard><IMSI>584128888888</IMSI></SIMCard></RTBS_SLS_IN>]
[2020Oct22 11:58:06,548][INFO ][1603384086532][processRequest FCController.java:231][El iccid solicitado no ha sido encontrado en la base de datos]
[2020Oct22 11:58:06,549][INFO ][1603384086532][doPost RTBSSLSServlet.java:73][Response Generado: <?xml version="1.0" encoding="UTF-8"?>
<RTBS_SLS_OUT>
	<OperationMessage>
		<Code>RTBS_SLS_OM0003</Code>
		<Message>La informacion solicitada no ha sido encontrada en la base de datos</Message>
	</OperationMessage>
</RTBS_SLS_OUT>
]
[2020Oct22 12:01:02,368][INFO ][1603384262368][doPost RTBSSLSServlet.java:60][XML Recibido: <?xml version="1.0" encoding="utf-8"?><RTBS_SLS_IN><Channel>SIEBEL</Channel><System>SIEBEL</System><SIMCard><IMSI>584128888888</IMSI></SIMCard></RTBS_SLS_IN>]
[2020Oct22 12:01:02,383][INFO ][1603384262368][processRequest FCController.java:231][El iccid solicitado no ha sido encontrado en la base de datos]
[2020Oct22 12:01:02,385][INFO ][1603384262368][doPost RTBSSLSServlet.java:73][Response Generado: <?xml version="1.0" encoding="UTF-8"?>
<RTBS_SLS_OUT>
	<OperationMessage>
		<Code>RTBS_SLS_OM0003</Code>
		<Message>La informacion solicitada no ha sido encontrada en la base de datos</Message>
	</OperationMessage>
</RTBS_SLS_OUT>
]
[2020Oct22 12:05:45,495][INFO ][1603384545495][doPost RTBSSLSServlet.java:60][XML Recibido: <?xml version="1.0" encoding="utf-8"?><RTBS_SLS_IN><Channel>SIEBEL</Channel><System>SIEBEL</System><SIMCard><IMSI>584128888888</IMSI></SIMCard></RTBS_SLS_IN>]
[2020Oct22 12:05:45,511][INFO ][1603384545495][processRequest FCController.java:231][El iccid solicitado no ha sido encontrado en la base de datos]
[2020Oct22 12:05:45,513][INFO ][1603384545495][doPost RTBSSLSServlet.java:73][Response Generado: <?xml version="1.0" encoding="UTF-8"?>
<RTBS_SLS_OUT>
	<OperationMessage>
		<Code>RTBS_SLS_OM0003</Code>
		<Message>La informacion solicitada no ha sido encontrada en la base de datos</Message>
	</OperationMessage>
</RTBS_SLS_OUT>
]
[2020Oct22 12:07:56,975][INFO ][1603384676975][doPost RTBSSLSServlet.java:60][XML Recibido: <?xml version="1.0" encoding="utf-8"?><RTBS_SLS_IN><Channel>SIEBEL</Channel><System>SIEBEL</System><SIMCard><IMSI>584128888888</IMSI></SIMCard></RTBS_SLS_IN>]
[2020Oct22 12:07:56,991][INFO ][1603384676975][processRequest FCController.java:231][El iccid solicitado no ha sido encontrado en la base de datos]
[2020Oct22 12:07:56,992][INFO ][1603384676975][doPost RTBSSLSServlet.java:73][Response Generado: <?xml version="1.0" encoding="UTF-8"?>
<RTBS_SLS_OUT>
	<OperationMessage>
		<Code>RTBS_SLS_OM0003</Code>
		<Message>La informacion solicitada no ha sido encontrada en la base de datos</Message>
	</OperationMessage>
</RTBS_SLS_OUT>
]
[2020Oct22 12:10:30,688][INFO ][1603384830688][doPost RTBSSLSServlet.java:60][XML Recibido: <?xml version="1.0" encoding="utf-8"?><RTBS_SLS_IN><Channel>SIEBEL</Channel><System>SIEBEL</System><SIMCard><IMSI>584128888888</IMSI></SIMCard></RTBS_SLS_IN>]
[2020Oct22 12:10:30,707][INFO ][1603384830688][processRequest FCController.java:231][El iccid solicitado no ha sido encontrado en la base de datos]
[2020Oct22 12:10:30,708][INFO ][1603384830688][doPost RTBSSLSServlet.java:73][Response Generado: <?xml version="1.0" encoding="UTF-8"?>
<RTBS_SLS_OUT>
	<OperationMessage>
		<Code>RTBS_SLS_OM0003</Code>
		<Message>La informacion solicitada no ha sido encontrada en la base de datos</Message>
	</OperationMessage>
</RTBS_SLS_OUT>
]
[2020Oct22 12:13:36,168][INFO ][1603385016168][doPost RTBSSLSServlet.java:60][XML Recibido: <?xml version="1.0" encoding="utf-8"?><RTBS_SLS_IN><Channel>SIEBEL</Channel><System>SIEBEL</System><SIMCard><IMSI>584128888888</IMSI></SIMCard></RTBS_SLS_IN>]
[2020Oct22 12:13:36,184][INFO ][1603385016168][processRequest FCController.java:231][El iccid solicitado no ha sido encontrado en la base de datos]
[2020Oct22 12:13:36,185][INFO ][1603385016168][doPost RTBSSLSServlet.java:73][Response Generado: <?xml version="1.0" encoding="UTF-8"?>
<RTBS_SLS_OUT>
	<OperationMessage>
		<Code>RTBS_SLS_OM0003</Code>
		<Message>La informacion solicitada no ha sido encontrada en la base de datos</Message>
	</OperationMessage>
</RTBS_SLS_OUT>
]
[2020Oct22 12:25:07,783][INFO ][1603385707783][doPost RTBSSLSServlet.java:60][XML Recibido: <?xml version="1.0" encoding="utf-8"?><RTBS_SLS_IN><Channel>SIEBEL</Channel><System>SIEBEL</System><SIMCard><IMSI>584128888888</IMSI></SIMCard></RTBS_SLS_IN>]
[2020Oct22 12:25:07,799][INFO ][1603385707783][processRequest FCController.java:231][El iccid solicitado no ha sido encontrado en la base de datos]
[2020Oct22 12:25:07,800][INFO ][1603385707783][doPost RTBSSLSServlet.java:73][Response Generado: <?xml version="1.0" encoding="UTF-8"?>
<RTBS_SLS_OUT>
	<OperationMessage>
		<Code>RTBS_SLS_OM0003</Code>
		<Message>La informacion solicitada no ha sido encontrada en la base de datos</Message>
	</OperationMessage>
</RTBS_SLS_OUT>
]
[2020Oct22 12:28:27,412][INFO ][1603385907412][doPost RTBSSLSServlet.java:60][XML Recibido: <?xml version="1.0" encoding="utf-8"?><RTBS_SLS_IN><Channel>SIEBEL</Channel><System>SIEBEL</System><SIMCard><IMSI>584128888888</IMSI></SIMCard></RTBS_SLS_IN>]
[2020Oct22 12:28:27,428][INFO ][1603385907412][processRequest FCController.java:231][El iccid solicitado no ha sido encontrado en la base de datos]
[2020Oct22 12:28:27,429][INFO ][1603385907412][doPost RTBSSLSServlet.java:73][Response Generado: <?xml version="1.0" encoding="UTF-8"?>
<RTBS_SLS_OUT>
	<OperationMessage>
		<Code>RTBS_SLS_OM0003</Code>
		<Message>La informacion solicitada no ha sido encontrada en la base de datos</Message>
	</OperationMessage>
</RTBS_SLS_OUT>
]
[2020Oct22 12:30:39,396][INFO ][1603386039396][doPost RTBSSLSServlet.java:60][XML Recibido: <?xml version="1.0" encoding="utf-8"?><RTBS_SLS_IN><Channel>SIEBEL</Channel><System>SIEBEL</System><SIMCard><IMSI>584128888888</IMSI></SIMCard></RTBS_SLS_IN>]
[2020Oct22 12:30:39,412][INFO ][1603386039396][processRequest FCController.java:231][El iccid solicitado no ha sido encontrado en la base de datos]
[2020Oct22 12:30:39,413][INFO ][1603386039396][doPost RTBSSLSServlet.java:73][Response Generado: <?xml version="1.0" encoding="UTF-8"?>
<RTBS_SLS_OUT>
	<OperationMessage>
		<Code>RTBS_SLS_OM0003</Code>
		<Message>La informacion solicitada no ha sido encontrada en la base de datos</Message>
	</OperationMessage>
</RTBS_SLS_OUT>
]
[2020Oct22 12:34:39,494][INFO ][1603386279494][doPost RTBSSLSServlet.java:60][XML Recibido: <?xml version="1.0" encoding="utf-8"?><RTBS_SLS_IN><Channel>SIEBEL</Channel><System>SIEBEL</System><SIMCard><IMSI>584128888888</IMSI></SIMCard></RTBS_SLS_IN>]
[2020Oct22 12:34:39,510][INFO ][1603386279494][processRequest FCController.java:231][El iccid solicitado no ha sido encontrado en la base de datos]
[2020Oct22 12:34:39,512][INFO ][1603386279494][doPost RTBSSLSServlet.java:73][Response Generado: <?xml version="1.0" encoding="UTF-8"?>
<RTBS_SLS_OUT>
	<OperationMessage>
		<Code>RTBS_SLS_OM0003</Code>
		<Message>La informacion solicitada no ha sido encontrada en la base de datos</Message>
	</OperationMessage>
</RTBS_SLS_OUT>
]
[2020Oct22 12:41:31,158][INFO ][1603386691158][doPost RTBSSLSServlet.java:60][XML Recibido: <?xml version="1.0" encoding="utf-8"?><RTBS_SLS_IN><Channel>SIEBEL</Channel><System>SIEBEL</System><SIMCard><IMSI>584128888888</IMSI></SIMCard></RTBS_SLS_IN>]
[2020Oct22 12:41:31,631][INFO ][1603386691158][processRequest FCController.java:231][El iccid solicitado no ha sido encontrado en la base de datos]
[2020Oct22 12:41:31,633][INFO ][1603386691158][doPost RTBSSLSServlet.java:73][Response Generado: <?xml version="1.0" encoding="UTF-8"?>
<RTBS_SLS_OUT>
	<OperationMessage>
		<Code>RTBS_SLS_OM0003</Code>
		<Message>La informacion solicitada no ha sido encontrada en la base de datos</Message>
	</OperationMessage>
</RTBS_SLS_OUT>
]
[2020Oct22 12:43:02,358][INFO ][1603386782358][doPost RTBSSLSServlet.java:60][XML Recibido: <?xml version="1.0" encoding="utf-8"?><RTBS_SLS_IN><Channel>SIEBEL</Channel><System>SIEBEL</System><SIMCard><IMSI>584128888888</IMSI></SIMCard></RTBS_SLS_IN>]
[2020Oct22 12:43:02,373][INFO ][1603386782358][processRequest FCController.java:231][El iccid solicitado no ha sido encontrado en la base de datos]
[2020Oct22 12:43:02,375][INFO ][1603386782358][doPost RTBSSLSServlet.java:73][Response Generado: <?xml version="1.0" encoding="UTF-8"?>
<RTBS_SLS_OUT>
	<OperationMessage>
		<Code>RTBS_SLS_OM0003</Code>
		<Message>La informacion solicitada no ha sido encontrada en la base de datos</Message>
	</OperationMessage>
</RTBS_SLS_OUT>
]
[2020Oct22 12:45:20,056][INFO ][1603386920056][doPost RTBSSLSServlet.java:60][XML Recibido: <?xml version="1.0" encoding="utf-8"?><RTBS_SLS_IN><Channel>SIEBEL</Channel><System>SIEBEL</System><SIMCard><IMSI>584128888888</IMSI></SIMCard></RTBS_SLS_IN>]
[2020Oct22 12:45:20,073][INFO ][1603386920056][processRequest FCController.java:231][El iccid solicitado no ha sido encontrado en la base de datos]
[2020Oct22 12:45:20,074][INFO ][1603386920056][doPost RTBSSLSServlet.java:73][Response Generado: <?xml version="1.0" encoding="UTF-8"?>
<RTBS_SLS_OUT>
	<OperationMessage>
		<Code>RTBS_SLS_OM0003</Code>
		<Message>La informacion solicitada no ha sido encontrada en la base de datos</Message>
	</OperationMessage>
</RTBS_SLS_OUT>
]
[2020Oct22 12:46:54,264][INFO ][1603387014264][doPost RTBSSLSServlet.java:60][XML Recibido: <?xml version="1.0" encoding="utf-8"?><RTBS_SLS_IN><Channel>SIEBEL</Channel><System>SIEBEL</System><SIMCard><IMSI>584128888888</IMSI></SIMCard></RTBS_SLS_IN>]
[2020Oct22 12:46:54,279][INFO ][1603387014264][processRequest FCController.java:231][El iccid solicitado no ha sido encontrado en la base de datos]
[2020Oct22 12:46:54,281][INFO ][1603387014264][doPost RTBSSLSServlet.java:73][Response Generado: <?xml version="1.0" encoding="UTF-8"?>
<RTBS_SLS_OUT>
	<OperationMessage>
		<Code>RTBS_SLS_OM0003</Code>
		<Message>La informacion solicitada no ha sido encontrada en la base de datos</Message>
	</OperationMessage>
</RTBS_SLS_OUT>
]
[2020Oct22 12:48:48,504][INFO ][1603387128504][doPost RTBSSLSServlet.java:60][XML Recibido: <?xml version="1.0" encoding="utf-8"?><RTBS_SLS_IN><Channel>SIEBEL</Channel><System>SIEBEL</System><SIMCard><IMSI>584128888888</IMSI></SIMCard></RTBS_SLS_IN>]
[2020Oct22 12:48:48,520][INFO ][1603387128504][processRequest FCController.java:231][El iccid solicitado no ha sido encontrado en la base de datos]
[2020Oct22 12:48:48,522][INFO ][1603387128504][doPost RTBSSLSServlet.java:73][Response Generado: <?xml version="1.0" encoding="UTF-8"?>
<RTBS_SLS_OUT>
	<OperationMessage>
		<Code>RTBS_SLS_OM0003</Code>
		<Message>La informacion solicitada no ha sido encontrada en la base de datos</Message>
	</OperationMessage>
</RTBS_SLS_OUT>
]
[2020Oct22 12:50:30,641][INFO ][1603387230641][doPost RTBSSLSServlet.java:60][XML Recibido: <?xml version="1.0" encoding="utf-8"?><RTBS_SLS_IN><Channel>SIEBEL</Channel><System>SIEBEL</System><SIMCard><IMSI>584128888888</IMSI></SIMCard></RTBS_SLS_IN>]
[2020Oct22 12:50:30,657][INFO ][1603387230641][processRequest FCController.java:231][El iccid solicitado no ha sido encontrado en la base de datos]
[2020Oct22 12:50:30,658][INFO ][1603387230641][doPost RTBSSLSServlet.java:73][Response Generado: <?xml version="1.0" encoding="UTF-8"?>
<RTBS_SLS_OUT>
	<OperationMessage>
		<Code>RTBS_SLS_OM0003</Code>
		<Message>La informacion solicitada no ha sido encontrada en la base de datos</Message>
	</OperationMessage>
</RTBS_SLS_OUT>
]
[2020Oct22 12:52:11,769][INFO ][1603387331769][doPost RTBSSLSServlet.java:60][XML Recibido: <?xml version="1.0" encoding="utf-8"?><RTBS_SLS_IN><Channel>SIEBEL</Channel><System>SIEBEL</System><SIMCard><IMSI>584128888888</IMSI></SIMCard></RTBS_SLS_IN>]
[2020Oct22 12:52:11,785][INFO ][1603387331769][processRequest FCController.java:231][El iccid solicitado no ha sido encontrado en la base de datos]
[2020Oct22 12:52:11,787][INFO ][1603387331769][doPost RTBSSLSServlet.java:73][Response Generado: <?xml version="1.0" encoding="UTF-8"?>
<RTBS_SLS_OUT>
	<OperationMessage>
		<Code>RTBS_SLS_OM0003</Code>
		<Message>La informacion solicitada no ha sido encontrada en la base de datos</Message>
	</OperationMessage>
</RTBS_SLS_OUT>
]
[2020Oct22 12:54:24,650][INFO ][1603387464650][doPost RTBSSLSServlet.java:60][XML Recibido: <?xml version="1.0" encoding="utf-8"?><RTBS_SLS_IN><Channel>SIEBEL</Channel><System>SIEBEL</System><SIMCard><IMSI>584128888888</IMSI></SIMCard></RTBS_SLS_IN>]
[2020Oct22 12:54:24,666][INFO ][1603387464650][processRequest FCController.java:231][El iccid solicitado no ha sido encontrado en la base de datos]
[2020Oct22 12:54:24,667][INFO ][1603387464650][doPost RTBSSLSServlet.java:73][Response Generado: <?xml version="1.0" encoding="UTF-8"?>
<RTBS_SLS_OUT>
	<OperationMessage>
		<Code>RTBS_SLS_OM0003</Code>
		<Message>La informacion solicitada no ha sido encontrada en la base de datos</Message>
	</OperationMessage>
</RTBS_SLS_OUT>
]
[2020Oct22 12:58:01,541][INFO ][1603387681541][doPost RTBSSLSServlet.java:60][XML Recibido: <?xml version="1.0" encoding="utf-8"?><RTBS_SLS_IN><Channel>SIEBEL</Channel><System>SIEBEL</System><SIMCard><IMSI>584128888888</IMSI></SIMCard></RTBS_SLS_IN>]
[2020Oct22 12:58:01,557][INFO ][1603387681541][processRequest FCController.java:231][El iccid solicitado no ha sido encontrado en la base de datos]
[2020Oct22 12:58:01,558][INFO ][1603387681541][doPost RTBSSLSServlet.java:73][Response Generado: <?xml version="1.0" encoding="UTF-8"?>
<RTBS_SLS_OUT>
	<OperationMessage>
		<Code>RTBS_SLS_OM0003</Code>
		<Message>La informacion solicitada no ha sido encontrada en la base de datos</Message>
	</OperationMessage>
</RTBS_SLS_OUT>
]
[2020Oct22 12:59:30,514][INFO ][1603387770514][doPost RTBSSLSServlet.java:60][XML Recibido: <?xml version="1.0" encoding="utf-8"?><RTBS_SLS_IN><Channel>SIEBEL</Channel><System>SIEBEL</System><SIMCard><IMSI>584128888888</IMSI></SIMCard></RTBS_SLS_IN>]
[2020Oct22 12:59:30,530][INFO ][1603387770514][processRequest FCController.java:231][El iccid solicitado no ha sido encontrado en la base de datos]
[2020Oct22 12:59:30,531][INFO ][1603387770514][doPost RTBSSLSServlet.java:73][Response Generado: <?xml version="1.0" encoding="UTF-8"?>
<RTBS_SLS_OUT>
	<OperationMessage>
		<Code>RTBS_SLS_OM0003</Code>
		<Message>La informacion solicitada no ha sido encontrada en la base de datos</Message>
	</OperationMessage>
</RTBS_SLS_OUT>
]
[2020Oct22 13:02:14,115][INFO ][1603387934115][doPost RTBSSLSServlet.java:60][XML Recibido: <?xml version="1.0" encoding="utf-8"?><RTBS_SLS_IN><Channel>SIEBEL</Channel><System>SIEBEL</System><SIMCard><IMSI>584128888888</IMSI></SIMCard></RTBS_SLS_IN>]
[2020Oct22 13:02:14,131][INFO ][1603387934115][processRequest FCController.java:231][El iccid solicitado no ha sido encontrado en la base de datos]
[2020Oct22 13:02:14,132][INFO ][1603387934115][doPost RTBSSLSServlet.java:73][Response Generado: <?xml version="1.0" encoding="UTF-8"?>
<RTBS_SLS_OUT>
	<OperationMessage>
		<Code>RTBS_SLS_OM0003</Code>
		<Message>La informacion solicitada no ha sido encontrada en la base de datos</Message>
	</OperationMessage>
</RTBS_SLS_OUT>
]
[2020Oct22 13:03:55,468][INFO ][1603388035468][doPost RTBSSLSServlet.java:60][XML Recibido: <?xml version="1.0" encoding="utf-8"?><RTBS_SLS_IN><Channel>SIEBEL</Channel><System>SIEBEL</System><SIMCard><IMSI>584128888888</IMSI></SIMCard></RTBS_SLS_IN>]
[2020Oct22 13:03:55,484][INFO ][1603388035468][processRequest FCController.java:231][El iccid solicitado no ha sido encontrado en la base de datos]
[2020Oct22 13:03:55,486][INFO ][1603388035468][doPost RTBSSLSServlet.java:73][Response Generado: <?xml version="1.0" encoding="UTF-8"?>
<RTBS_SLS_OUT>
	<OperationMessage>
		<Code>RTBS_SLS_OM0003</Code>
		<Message>La informacion solicitada no ha sido encontrada en la base de datos</Message>
	</OperationMessage>
</RTBS_SLS_OUT>
]
[2020Oct22 13:05:16,698][INFO ][1603388116698][doPost RTBSSLSServlet.java:60][XML Recibido: <?xml version="1.0" encoding="utf-8"?><RTBS_SLS_IN><Channel>SIEBEL</Channel><System>SIEBEL</System><SIMCard><IMSI>584128888888</IMSI></SIMCard></RTBS_SLS_IN>]
[2020Oct22 13:05:16,714][INFO ][1603388116698][processRequest FCController.java:231][El iccid solicitado no ha sido encontrado en la base de datos]
[2020Oct22 13:05:16,715][INFO ][1603388116698][doPost RTBSSLSServlet.java:73][Response Generado: <?xml version="1.0" encoding="UTF-8"?>
<RTBS_SLS_OUT>
	<OperationMessage>
		<Code>RTBS_SLS_OM0003</Code>
		<Message>La informacion solicitada no ha sido encontrada en la base de datos</Message>
	</OperationMessage>
</RTBS_SLS_OUT>
]
[2020Oct22 13:08:47,017][INFO ][1603388327017][doPost RTBSSLSServlet.java:60][XML Recibido: <?xml version="1.0" encoding="utf-8"?><RTBS_SLS_IN><Channel>SIEBEL</Channel><System>SIEBEL</System><SIMCard><IMSI>584128888888</IMSI></SIMCard></RTBS_SLS_IN>]
[2020Oct22 13:08:47,033][INFO ][1603388327017][processRequest FCController.java:231][El iccid solicitado no ha sido encontrado en la base de datos]
[2020Oct22 13:08:47,035][INFO ][1603388327017][doPost RTBSSLSServlet.java:73][Response Generado: <?xml version="1.0" encoding="UTF-8"?>
<RTBS_SLS_OUT>
	<OperationMessage>
		<Code>RTBS_SLS_OM0003</Code>
		<Message>La informacion solicitada no ha sido encontrada en la base de datos</Message>
	</OperationMessage>
</RTBS_SLS_OUT>
]
[2020Oct22 13:10:38,127][INFO ][1603388438127][doPost RTBSSLSServlet.java:60][XML Recibido: <?xml version="1.0" encoding="utf-8"?><RTBS_SLS_IN><Channel>SIEBEL</Channel><System>SIEBEL</System><SIMCard><IMSI>584128888888</IMSI></SIMCard></RTBS_SLS_IN>]
[2020Oct22 13:10:38,143][INFO ][1603388438127][processRequest FCController.java:231][El iccid solicitado no ha sido encontrado en la base de datos]
[2020Oct22 13:10:38,145][INFO ][1603388438127][doPost RTBSSLSServlet.java:73][Response Generado: <?xml version="1.0" encoding="UTF-8"?>
<RTBS_SLS_OUT>
	<OperationMessage>
		<Code>RTBS_SLS_OM0003</Code>
		<Message>La informacion solicitada no ha sido encontrada en la base de datos</Message>
	</OperationMessage>
</RTBS_SLS_OUT>
]
[2020Oct22 13:12:31,125][INFO ][1603388551125][doPost RTBSSLSServlet.java:60][XML Recibido: <?xml version="1.0" encoding="utf-8"?><RTBS_SLS_IN><Channel>SIEBEL</Channel><System>SIEBEL</System><SIMCard><IMSI>584128888888</IMSI></SIMCard></RTBS_SLS_IN>]
[2020Oct22 13:12:31,141][INFO ][1603388551125][processRequest FCController.java:231][El iccid solicitado no ha sido encontrado en la base de datos]
[2020Oct22 13:12:31,142][INFO ][1603388551125][doPost RTBSSLSServlet.java:73][Response Generado: <?xml version="1.0" encoding="UTF-8"?>
<RTBS_SLS_OUT>
	<OperationMessage>
		<Code>RTBS_SLS_OM0003</Code>
		<Message>La informacion solicitada no ha sido encontrada en la base de datos</Message>
	</OperationMessage>
</RTBS_SLS_OUT>
]
[2020Oct22 13:13:46,744][INFO ][1603388626744][doPost RTBSSLSServlet.java:60][XML Recibido: <?xml version="1.0" encoding="utf-8"?><RTBS_SLS_IN><Channel>SIEBEL</Channel><System>SIEBEL</System><SIMCard><IMSI>584128888888</IMSI></SIMCard></RTBS_SLS_IN>]
[2020Oct22 13:13:46,760][INFO ][1603388626744][processRequest FCController.java:231][El iccid solicitado no ha sido encontrado en la base de datos]
[2020Oct22 13:13:46,761][INFO ][1603388626744][doPost RTBSSLSServlet.java:73][Response Generado: <?xml version="1.0" encoding="UTF-8"?>
<RTBS_SLS_OUT>
	<OperationMessage>
		<Code>RTBS_SLS_OM0003</Code>
		<Message>La informacion solicitada no ha sido encontrada en la base de datos</Message>
	</OperationMessage>
</RTBS_SLS_OUT>
]
[2020Oct22 13:16:29,828][INFO ][1603388789828][doPost RTBSSLSServlet.java:60][XML Recibido: <?xml version="1.0" encoding="utf-8"?><RTBS_SLS_IN><Channel>SIEBEL</Channel><System>SIEBEL</System><SIMCard><IMSI>584128888888</IMSI></SIMCard></RTBS_SLS_IN>]
[2020Oct22 13:16:29,844][INFO ][1603388789828][processRequest FCController.java:231][El iccid solicitado no ha sido encontrado en la base de datos]
[2020Oct22 13:16:29,846][INFO ][1603388789828][doPost RTBSSLSServlet.java:73][Response Generado: <?xml version="1.0" encoding="UTF-8"?>
<RTBS_SLS_OUT>
	<OperationMessage>
		<Code>RTBS_SLS_OM0003</Code>
		<Message>La informacion solicitada no ha sido encontrada en la base de datos</Message>
	</OperationMessage>
</RTBS_SLS_OUT>
]
[2020Oct22 13:19:14,924][INFO ][1603388954924][doPost RTBSSLSServlet.java:60][XML Recibido: <?xml version="1.0" encoding="utf-8"?><RTBS_SLS_IN><Channel>SIEBEL</Channel><System>SIEBEL</System><SIMCard><IMSI>734027004902744</IMSI></SIMCard></RTBS_SLS_IN>]
[2020Oct22 13:19:14,941][INFO ][1603388954924][doPost RTBSSLSServlet.java:73][Response Generado: <?xml version="1.0" encoding="UTF-8"?>
<RTBS_SLS_OUT>
	<OperationMessage>
		<Code>RTBS_SLS-OM0001</Code>
		<Message>Operacion ejecutada de forma exitosa</Message>
	</OperationMessage>
	<SIMCard>
		<ICCID>8958021910170849190F</ICCID>
		<PUK>42953230</PUK>
		<PUK2>45766916</PUK2>
	</SIMCard>
</RTBS_SLS_OUT>
]
[2020Oct22 13:19:39,645][INFO ][1603388979645][doPost RTBSSLSServlet.java:60][XML Recibido: <?xml version="1.0" encoding="utf-8"?><RTBS_SLS_IN><Channel>SIEBEL</Channel><System>SIEBEL</System><SIMCard><IMSI>584128888888</IMSI></SIMCard></RTBS_SLS_IN>]
[2020Oct22 13:19:39,660][INFO ][1603388979645][processRequest FCController.java:231][El iccid solicitado no ha sido encontrado en la base de datos]
[2020Oct22 13:19:39,662][INFO ][1603388979645][doPost RTBSSLSServlet.java:73][Response Generado: <?xml version="1.0" encoding="UTF-8"?>
<RTBS_SLS_OUT>
	<OperationMessage>
		<Code>RTBS_SLS_OM0003</Code>
		<Message>La informacion solicitada no ha sido encontrada en la base de datos</Message>
	</OperationMessage>
</RTBS_SLS_OUT>
]
[2020Oct22 13:22:19,111][INFO ][1603389139111][doPost RTBSSLSServlet.java:60][XML Recibido: <?xml version="1.0" encoding="utf-8"?><RTBS_SLS_IN><Channel>SIEBEL</Channel><System>SIEBEL</System><SIMCard><IMSI>584128888888</IMSI></SIMCard></RTBS_SLS_IN>]
[2020Oct22 13:22:19,127][INFO ][1603389139111][processRequest FCController.java:231][El iccid solicitado no ha sido encontrado en la base de datos]
[2020Oct22 13:22:19,128][INFO ][1603389139111][doPost RTBSSLSServlet.java:73][Response Generado: <?xml version="1.0" encoding="UTF-8"?>
<RTBS_SLS_OUT>
	<OperationMessage>
		<Code>RTBS_SLS_OM0003</Code>
		<Message>La informacion solicitada no ha sido encontrada en la base de datos</Message>
	</OperationMessage>
</RTBS_SLS_OUT>
]
[2020Oct22 13:23:47,500][INFO ][1603389227500][doPost RTBSSLSServlet.java:60][XML Recibido: <?xml version="1.0" encoding="utf-8"?><RTBS_SLS_IN><Channel>SIEBEL</Channel><System>SIEBEL</System><SIMCard><IMSI>734021007375158</IMSI></SIMCard></RTBS_SLS_IN>]
[2020Oct22 13:23:47,530][INFO ][1603389227500][doPost RTBSSLSServlet.java:73][Response Generado: <?xml version="1.0" encoding="UTF-8"?>
<RTBS_SLS_OUT>
	<OperationMessage>
		<Code>RTBS_SLS-OM0001</Code>
		<Message>Operacion ejecutada de forma exitosa</Message>
	</OperationMessage>
	<SIMCard>
		<ICCID>8958021910171098771F</ICCID>
		<PUK>13215808</PUK>
		<PUK2>77398904</PUK2>
	</SIMCard>
</RTBS_SLS_OUT>
]
[2020Oct22 14:38:45,813][INFO ][1603393725813][doPost RTBSSLSServlet.java:60][XML Recibido: <?xml version="1.0" encoding="utf-8"?><RTBS_SLS_IN><Channel>SIEBEL</Channel><System>SIEBEL</System><SIMCard><IMSI>734021007375158</IMSI></SIMCard></RTBS_SLS_IN>]
[2020Oct22 14:38:45,830][INFO ][1603393725813][doPost RTBSSLSServlet.java:73][Response Generado: <?xml version="1.0" encoding="UTF-8"?>
<RTBS_SLS_OUT>
	<OperationMessage>
		<Code>RTBS_SLS-OM0001</Code>
		<Message>Operacion ejecutada de forma exitosa</Message>
	</OperationMessage>
	<SIMCard>
		<ICCID>8958021910171098771F</ICCID>
		<PUK>13215808</PUK>
		<PUK2>77398904</PUK2>
	</SIMCard>
</RTBS_SLS_OUT>
]
[2020Oct22 15:16:58,643][INFO ][1603396018643][doPost RTBSSLSServlet.java:60][XML Recibido: <?xml version="1.0" encoding="utf-8"?><RTBS_SLS_IN><Channel>SIEBEL</Channel><System>SIEBEL</System><SIMCard><IMSI>584128888888</IMSI></SIMCard></RTBS_SLS_IN>]
[2020Oct22 15:16:58,659][INFO ][1603396018643][processRequest FCController.java:231][El iccid solicitado no ha sido encontrado en la base de datos]
[2020Oct22 15:16:58,661][INFO ][1603396018643][doPost RTBSSLSServlet.java:73][Response Generado: <?xml version="1.0" encoding="UTF-8"?>
<RTBS_SLS_OUT>
	<OperationMessage>
		<Code>RTBS_SLS_OM0003</Code>
		<Message>La informacion solicitada no ha sido encontrada en la base de datos</Message>
	</OperationMessage>
</RTBS_SLS_OUT>
]
[2020Oct22 15:20:26,759][INFO ][1603396226759][doPost RTBSSLSServlet.java:60][XML Recibido: <?xml version="1.0" encoding="utf-8"?><RTBS_SLS_IN><Channel>SIEBEL</Channel><System>SIEBEL</System><SIMCard><IMSI>584128888888</IMSI></SIMCard></RTBS_SLS_IN>]
[2020Oct22 15:20:26,776][INFO ][1603396226759][processRequest FCController.java:231][El iccid solicitado no ha sido encontrado en la base de datos]
[2020Oct22 15:20:26,777][INFO ][1603396226759][doPost RTBSSLSServlet.java:73][Response Generado: <?xml version="1.0" encoding="UTF-8"?>
<RTBS_SLS_OUT>
	<OperationMessage>
		<Code>RTBS_SLS_OM0003</Code>
		<Message>La informacion solicitada no ha sido encontrada en la base de datos</Message>
	</OperationMessage>
</RTBS_SLS_OUT>
]
[2020Oct22 15:31:22,055][INFO ][1603396882055][doPost RTBSSLSServlet.java:60][XML Recibido: <?xml version="1.0" encoding="utf-8"?><RTBS_SLS_IN><Channel>SIEBEL</Channel><System>SIEBEL</System><SIMCard><IMSI>584128888888</IMSI></SIMCard></RTBS_SLS_IN>]
[2020Oct22 15:31:22,071][INFO ][1603396882055][processRequest FCController.java:231][El iccid solicitado no ha sido encontrado en la base de datos]
[2020Oct22 15:31:22,072][INFO ][1603396882055][doPost RTBSSLSServlet.java:73][Response Generado: <?xml version="1.0" encoding="UTF-8"?>
<RTBS_SLS_OUT>
	<OperationMessage>
		<Code>RTBS_SLS_OM0003</Code>
		<Message>La informacion solicitada no ha sido encontrada en la base de datos</Message>
	</OperationMessage>
</RTBS_SLS_OUT>
]
[2020Oct22 15:35:27,801][INFO ][1603397127801][doPost RTBSSLSServlet.java:60][XML Recibido: <?xml version="1.0" encoding="utf-8"?><RTBS_SLS_IN><Channel>SIEBEL</Channel><System>SIEBEL</System><SIMCard><IMSI>584128888888</IMSI></SIMCard></RTBS_SLS_IN>]
[2020Oct22 15:35:27,818][INFO ][1603397127801][processRequest FCController.java:231][El iccid solicitado no ha sido encontrado en la base de datos]
[2020Oct22 15:35:27,819][INFO ][1603397127801][doPost RTBSSLSServlet.java:73][Response Generado: <?xml version="1.0" encoding="UTF-8"?>
<RTBS_SLS_OUT>
	<OperationMessage>
		<Code>RTBS_SLS_OM0003</Code>
		<Message>La informacion solicitada no ha sido encontrada en la base de datos</Message>
	</OperationMessage>
</RTBS_SLS_OUT>
]
[2020Oct22 15:42:55,903][INFO ][1603397575903][doPost RTBSSLSServlet.java:60][XML Recibido: <?xml version="1.0" encoding="utf-8"?><RTBS_SLS_IN><Channel>SIEBEL</Channel><System>SIEBEL</System><SIMCard><IMSI>584128888888</IMSI></SIMCard></RTBS_SLS_IN>]
[2020Oct22 15:42:55,919][INFO ][1603397575903][processRequest FCController.java:231][El iccid solicitado no ha sido encontrado en la base de datos]
[2020Oct22 15:42:55,920][INFO ][1603397575903][doPost RTBSSLSServlet.java:73][Response Generado: <?xml version="1.0" encoding="UTF-8"?>
<RTBS_SLS_OUT>
	<OperationMessage>
		<Code>RTBS_SLS_OM0003</Code>
		<Message>La informacion solicitada no ha sido encontrada en la base de datos</Message>
	</OperationMessage>
</RTBS_SLS_OUT>
]
[2020Oct22 15:45:15,226][INFO ][1603397715226][doPost RTBSSLSServlet.java:60][XML Recibido: <?xml version="1.0" encoding="utf-8"?><RTBS_SLS_IN><Channel>SIEBEL</Channel><System>SIEBEL</System><SIMCard><IMSI>584128888888</IMSI></SIMCard></RTBS_SLS_IN>]
[2020Oct22 15:45:15,242][INFO ][1603397715226][processRequest FCController.java:231][El iccid solicitado no ha sido encontrado en la base de datos]
[2020Oct22 15:45:15,243][INFO ][1603397715226][doPost RTBSSLSServlet.java:73][Response Generado: <?xml version="1.0" encoding="UTF-8"?>
<RTBS_SLS_OUT>
	<OperationMessage>
		<Code>RTBS_SLS_OM0003</Code>
		<Message>La informacion solicitada no ha sido encontrada en la base de datos</Message>
	</OperationMessage>
</RTBS_SLS_OUT>
]
[2020Oct22 15:47:15,125][INFO ][1603397835125][doPost RTBSSLSServlet.java:60][XML Recibido: <?xml version="1.0" encoding="utf-8"?><RTBS_SLS_IN><Channel>SIEBEL</Channel><System>SIEBEL</System><SIMCard><IMSI>584128888888</IMSI></SIMCard></RTBS_SLS_IN>]
[2020Oct22 15:47:15,141][INFO ][1603397835125][processRequest FCController.java:231][El iccid solicitado no ha sido encontrado en la base de datos]
[2020Oct22 15:47:15,142][INFO ][1603397835125][doPost RTBSSLSServlet.java:73][Response Generado: <?xml version="1.0" encoding="UTF-8"?>
<RTBS_SLS_OUT>
	<OperationMessage>
		<Code>RTBS_SLS_OM0003</Code>
		<Message>La informacion solicitada no ha sido encontrada en la base de datos</Message>
	</OperationMessage>
</RTBS_SLS_OUT>
]
[2020Oct22 15:56:17,053][INFO ][1603398377053][doPost RTBSSLSServlet.java:60][XML Recibido: <?xml version="1.0" encoding="utf-8"?><RTBS_SLS_IN><Channel>SIEBEL</Channel><System>SIEBEL</System><SIMCard><IMSI>584128888888</IMSI></SIMCard></RTBS_SLS_IN>]
[2020Oct22 15:56:17,069][INFO ][1603398377053][processRequest FCController.java:231][El iccid solicitado no ha sido encontrado en la base de datos]
[2020Oct22 15:56:17,071][INFO ][1603398377053][doPost RTBSSLSServlet.java:73][Response Generado: <?xml version="1.0" encoding="UTF-8"?>
<RTBS_SLS_OUT>
	<OperationMessage>
		<Code>RTBS_SLS_OM0003</Code>
		<Message>La informacion solicitada no ha sido encontrada en la base de datos</Message>
	</OperationMessage>
</RTBS_SLS_OUT>
]
[2020Oct22 16:01:51,734][INFO ][1603398711734][doPost RTBSSLSServlet.java:60][XML Recibido: <?xml version="1.0" encoding="utf-8"?><RTBS_SLS_IN><Channel>SIEBEL</Channel><System>SIEBEL</System><SIMCard><IMSI>584128888888</IMSI></SIMCard></RTBS_SLS_IN>]
[2020Oct22 16:01:51,750][INFO ][1603398711734][processRequest FCController.java:231][El iccid solicitado no ha sido encontrado en la base de datos]
[2020Oct22 16:01:51,751][INFO ][1603398711734][doPost RTBSSLSServlet.java:73][Response Generado: <?xml version="1.0" encoding="UTF-8"?>
<RTBS_SLS_OUT>
	<OperationMessage>
		<Code>RTBS_SLS_OM0003</Code>
		<Message>La informacion solicitada no ha sido encontrada en la base de datos</Message>
	</OperationMessage>
</RTBS_SLS_OUT>
]
[2020Oct22 16:03:25,859][INFO ][1603398805859][doPost RTBSSLSServlet.java:60][XML Recibido: <?xml version="1.0" encoding="utf-8"?><RTBS_SLS_IN><Channel>SIEBEL</Channel><System>SIEBEL</System><SIMCard><IMSI>584128888888</IMSI></SIMCard></RTBS_SLS_IN>]
[2020Oct22 16:03:25,875][INFO ][1603398805859][processRequest FCController.java:231][El iccid solicitado no ha sido encontrado en la base de datos]
[2020Oct22 16:03:25,877][INFO ][1603398805859][doPost RTBSSLSServlet.java:73][Response Generado: <?xml version="1.0" encoding="UTF-8"?>
<RTBS_SLS_OUT>
	<OperationMessage>
		<Code>RTBS_SLS_OM0003</Code>
		<Message>La informacion solicitada no ha sido encontrada en la base de datos</Message>
	</OperationMessage>
</RTBS_SLS_OUT>
]
[2020Oct22 16:05:25,153][INFO ][1603398925153][doPost RTBSSLSServlet.java:60][XML Recibido: <?xml version="1.0" encoding="utf-8"?><RTBS_SLS_IN><Channel>SIEBEL</Channel><System>SIEBEL</System><SIMCard><IMSI>584128888888</IMSI></SIMCard></RTBS_SLS_IN>]
[2020Oct22 16:05:25,169][INFO ][1603398925153][processRequest FCController.java:231][El iccid solicitado no ha sido encontrado en la base de datos]
[2020Oct22 16:05:25,170][INFO ][1603398925153][doPost RTBSSLSServlet.java:73][Response Generado: <?xml version="1.0" encoding="UTF-8"?>
<RTBS_SLS_OUT>
	<OperationMessage>
		<Code>RTBS_SLS_OM0003</Code>
		<Message>La informacion solicitada no ha sido encontrada en la base de datos</Message>
	</OperationMessage>
</RTBS_SLS_OUT>
]
[2020Oct22 16:09:09,222][INFO ][1603399149221][doPost RTBSSLSServlet.java:60][XML Recibido: <?xml version="1.0" encoding="utf-8"?><RTBS_SLS_IN><Channel>SIEBEL</Channel><System>SIEBEL</System><SIMCard><IMSI>584128888888</IMSI></SIMCard></RTBS_SLS_IN>]
[2020Oct22 16:09:09,238][INFO ][1603399149221][processRequest FCController.java:231][El iccid solicitado no ha sido encontrado en la base de datos]
[2020Oct22 16:09:09,240][INFO ][1603399149221][doPost RTBSSLSServlet.java:73][Response Generado: <?xml version="1.0" encoding="UTF-8"?>
<RTBS_SLS_OUT>
	<OperationMessage>
		<Code>RTBS_SLS_OM0003</Code>
		<Message>La informacion solicitada no ha sido encontrada en la base de datos</Message>
	</OperationMessage>
</RTBS_SLS_OUT>
]
[2020Oct22 16:13:22,792][INFO ][1603399402792][doPost RTBSSLSServlet.java:60][XML Recibido: <?xml version="1.0" encoding="utf-8"?><RTBS_SLS_IN><Channel>SIEBEL</Channel><System>SIEBEL</System><SIMCard><IMSI>584128888888</IMSI></SIMCard></RTBS_SLS_IN>]
[2020Oct22 16:13:22,807][INFO ][1603399402792][processRequest FCController.java:231][El iccid solicitado no ha sido encontrado en la base de datos]
[2020Oct22 16:13:22,808][INFO ][1603399402792][doPost RTBSSLSServlet.java:73][Response Generado: <?xml version="1.0" encoding="UTF-8"?>
<RTBS_SLS_OUT>
	<OperationMessage>
		<Code>RTBS_SLS_OM0003</Code>
		<Message>La informacion solicitada no ha sido encontrada en la base de datos</Message>
	</OperationMessage>
</RTBS_SLS_OUT>
]
[2020Oct22 16:23:33,290][INFO ][1603400013290][doPost RTBSSLSServlet.java:60][XML Recibido: <?xml version="1.0" encoding="utf-8"?><RTBS_SLS_IN><Channel>SIEBEL</Channel><System>SIEBEL</System><SIMCard><IMSI>584128888888</IMSI></SIMCard></RTBS_SLS_IN>]
[2020Oct22 16:23:33,305][INFO ][1603400013290][processRequest FCController.java:231][El iccid solicitado no ha sido encontrado en la base de datos]
[2020Oct22 16:23:33,307][INFO ][1603400013290][doPost RTBSSLSServlet.java:73][Response Generado: <?xml version="1.0" encoding="UTF-8"?>
<RTBS_SLS_OUT>
	<OperationMessage>
		<Code>RTBS_SLS_OM0003</Code>
		<Message>La informacion solicitada no ha sido encontrada en la base de datos</Message>
	</OperationMessage>
</RTBS_SLS_OUT>
]
[2020Oct22 16:27:22,932][INFO ][1603400242932][doPost RTBSSLSServlet.java:60][XML Recibido: <?xml version="1.0" encoding="utf-8"?><RTBS_SLS_IN><Channel>SIEBEL</Channel><System>SIEBEL</System><SIMCard><IMSI>584128888888</IMSI></SIMCard></RTBS_SLS_IN>]
[2020Oct22 16:27:22,948][INFO ][1603400242932][processRequest FCController.java:231][El iccid solicitado no ha sido encontrado en la base de datos]
[2020Oct22 16:27:22,950][INFO ][1603400242932][doPost RTBSSLSServlet.java:73][Response Generado: <?xml version="1.0" encoding="UTF-8"?>
<RTBS_SLS_OUT>
	<OperationMessage>
		<Code>RTBS_SLS_OM0003</Code>
		<Message>La informacion solicitada no ha sido encontrada en la base de datos</Message>
	</OperationMessage>
</RTBS_SLS_OUT>
]
[2020Oct22 16:32:52,810][INFO ][1603400572809][doPost RTBSSLSServlet.java:60][XML Recibido: <?xml version="1.0" encoding="utf-8"?><RTBS_SLS_IN><Channel>SIEBEL</Channel><System>SIEBEL</System><SIMCard><IMSI>584128888888</IMSI></SIMCard></RTBS_SLS_IN>]
[2020Oct22 16:32:52,825][INFO ][1603400572809][processRequest FCController.java:231][El iccid solicitado no ha sido encontrado en la base de datos]
[2020Oct22 16:32:52,827][INFO ][1603400572809][doPost RTBSSLSServlet.java:73][Response Generado: <?xml version="1.0" encoding="UTF-8"?>
<RTBS_SLS_OUT>
	<OperationMessage>
		<Code>RTBS_SLS_OM0003</Code>
		<Message>La informacion solicitada no ha sido encontrada en la base de datos</Message>
	</OperationMessage>
</RTBS_SLS_OUT>
]
[2020Oct22 16:36:25,635][INFO ][1603400785635][doPost RTBSSLSServlet.java:60][XML Recibido: <?xml version="1.0" encoding="utf-8"?><RTBS_SLS_IN><Channel>SIEBEL</Channel><System>SIEBEL</System><SIMCard><IMSI>584128888888</IMSI></SIMCard></RTBS_SLS_IN>]
[2020Oct22 16:36:25,651][INFO ][1603400785635][processRequest FCController.java:231][El iccid solicitado no ha sido encontrado en la base de datos]
[2020Oct22 16:36:25,652][INFO ][1603400785635][doPost RTBSSLSServlet.java:73][Response Generado: <?xml version="1.0" encoding="UTF-8"?>
<RTBS_SLS_OUT>
	<OperationMessage>
		<Code>RTBS_SLS_OM0003</Code>
		<Message>La informacion solicitada no ha sido encontrada en la base de datos</Message>
	</OperationMessage>
</RTBS_SLS_OUT>
]
[2020Oct22 16:43:15,536][INFO ][1603401195536][doPost RTBSSLSServlet.java:60][XML Recibido: <?xml version="1.0" encoding="utf-8"?><RTBS_SLS_IN><Channel>SIEBEL</Channel><System>SIEBEL</System><SIMCard><IMSI>584128888888</IMSI></SIMCard></RTBS_SLS_IN>]
[2020Oct22 16:43:15,552][INFO ][1603401195536][processRequest FCController.java:231][El iccid solicitado no ha sido encontrado en la base de datos]
[2020Oct22 16:43:15,553][INFO ][1603401195536][doPost RTBSSLSServlet.java:73][Response Generado: <?xml version="1.0" encoding="UTF-8"?>
<RTBS_SLS_OUT>
	<OperationMessage>
		<Code>RTBS_SLS_OM0003</Code>
		<Message>La informacion solicitada no ha sido encontrada en la base de datos</Message>
	</OperationMessage>
</RTBS_SLS_OUT>
]
[2020Oct22 16:52:13,869][INFO ][1603401733869][doPost RTBSSLSServlet.java:60][XML Recibido: <?xml version="1.0" encoding="utf-8"?><RTBS_SLS_IN><Channel>SIEBEL</Channel><System>SIEBEL</System><SIMCard><IMSI>584128888888</IMSI></SIMCard></RTBS_SLS_IN>]
[2020Oct22 16:52:13,885][INFO ][1603401733869][processRequest FCController.java:231][El iccid solicitado no ha sido encontrado en la base de datos]
[2020Oct22 16:52:13,886][INFO ][1603401733869][doPost RTBSSLSServlet.java:73][Response Generado: <?xml version="1.0" encoding="UTF-8"?>
<RTBS_SLS_OUT>
	<OperationMessage>
		<Code>RTBS_SLS_OM0003</Code>
		<Message>La informacion solicitada no ha sido encontrada en la base de datos</Message>
	</OperationMessage>
</RTBS_SLS_OUT>
]
[2020Oct22 16:58:48,549][INFO ][1603402128549][doPost RTBSSLSServlet.java:60][XML Recibido: <?xml version="1.0" encoding="utf-8"?><RTBS_SLS_IN><Channel>SIEBEL</Channel><System>SIEBEL</System><SIMCard><IMSI>584128888888</IMSI></SIMCard></RTBS_SLS_IN>]
[2020Oct22 16:58:48,565][INFO ][1603402128549][processRequest FCController.java:231][El iccid solicitado no ha sido encontrado en la base de datos]
[2020Oct22 16:58:48,567][INFO ][1603402128549][doPost RTBSSLSServlet.java:73][Response Generado: <?xml version="1.0" encoding="UTF-8"?>
<RTBS_SLS_OUT>
	<OperationMessage>
		<Code>RTBS_SLS_OM0003</Code>
		<Message>La informacion solicitada no ha sido encontrada en la base de datos</Message>
	</OperationMessage>
</RTBS_SLS_OUT>
]
[2020Oct22 17:00:41,490][INFO ][1603402241490][doPost RTBSSLSServlet.java:60][XML Recibido: <?xml version="1.0" encoding="utf-8"?><RTBS_SLS_IN><Channel>SIEBEL</Channel><System>SIEBEL</System><SIMCard><IMSI>584128888888</IMSI></SIMCard></RTBS_SLS_IN>]
[2020Oct22 17:00:41,505][INFO ][1603402241490][processRequest FCController.java:231][El iccid solicitado no ha sido encontrado en la base de datos]
[2020Oct22 17:00:41,507][INFO ][1603402241490][doPost RTBSSLSServlet.java:73][Response Generado: <?xml version="1.0" encoding="UTF-8"?>
<RTBS_SLS_OUT>
	<OperationMessage>
		<Code>RTBS_SLS_OM0003</Code>
		<Message>La informacion solicitada no ha sido encontrada en la base de datos</Message>
	</OperationMessage>
</RTBS_SLS_OUT>
]
[2020Oct22 17:02:20,359][INFO ][1603402340359][doPost RTBSSLSServlet.java:60][XML Recibido: <?xml version="1.0" encoding="utf-8"?><RTBS_SLS_IN><Channel>SIEBEL</Channel><System>SIEBEL</System><SIMCard><IMSI>584128888888</IMSI></SIMCard></RTBS_SLS_IN>]
[2020Oct22 17:02:20,375][INFO ][1603402340359][processRequest FCController.java:231][El iccid solicitado no ha sido encontrado en la base de datos]
[2020Oct22 17:02:20,376][INFO ][1603402340359][doPost RTBSSLSServlet.java:73][Response Generado: <?xml version="1.0" encoding="UTF-8"?>
<RTBS_SLS_OUT>
	<OperationMessage>
		<Code>RTBS_SLS_OM0003</Code>
		<Message>La informacion solicitada no ha sido encontrada en la base de datos</Message>
	</OperationMessage>
</RTBS_SLS_OUT>
]
[2020Oct22 17:05:16,219][INFO ][1603402516219][doPost RTBSSLSServlet.java:60][XML Recibido: <?xml version="1.0" encoding="utf-8"?><RTBS_SLS_IN><Channel>SIEBEL</Channel><System>SIEBEL</System><SIMCard><IMSI>584128888888</IMSI></SIMCard></RTBS_SLS_IN>]
[2020Oct22 17:05:16,235][INFO ][1603402516219][processRequest FCController.java:231][El iccid solicitado no ha sido encontrado en la base de datos]
[2020Oct22 17:05:16,237][INFO ][1603402516219][doPost RTBSSLSServlet.java:73][Response Generado: <?xml version="1.0" encoding="UTF-8"?>
<RTBS_SLS_OUT>
	<OperationMessage>
		<Code>RTBS_SLS_OM0003</Code>
		<Message>La informacion solicitada no ha sido encontrada en la base de datos</Message>
	</OperationMessage>
</RTBS_SLS_OUT>
]
[2020Oct22 17:11:42,369][INFO ][1603402902369][doPost RTBSSLSServlet.java:60][XML Recibido: <?xml version="1.0" encoding="utf-8"?><RTBS_SLS_IN><Channel>SIEBEL</Channel><System>SIEBEL</System><SIMCard><IMSI>584128888888</IMSI></SIMCard></RTBS_SLS_IN>]
[2020Oct22 17:11:42,385][INFO ][1603402902369][processRequest FCController.java:231][El iccid solicitado no ha sido encontrado en la base de datos]
[2020Oct22 17:11:42,387][INFO ][1603402902369][doPost RTBSSLSServlet.java:73][Response Generado: <?xml version="1.0" encoding="UTF-8"?>
<RTBS_SLS_OUT>
	<OperationMessage>
		<Code>RTBS_SLS_OM0003</Code>
		<Message>La informacion solicitada no ha sido encontrada en la base de datos</Message>
	</OperationMessage>
</RTBS_SLS_OUT>
]
[2020Oct22 17:19:47,473][INFO ][1603403387473][doPost RTBSSLSServlet.java:60][XML Recibido: <?xml version="1.0" encoding="utf-8"?><RTBS_SLS_IN><Channel>SIEBEL</Channel><System>SIEBEL</System><SIMCard><IMSI>584128888888</IMSI></SIMCard></RTBS_SLS_IN>]
[2020Oct22 17:19:47,489][INFO ][1603403387473][processRequest FCController.java:231][El iccid solicitado no ha sido encontrado en la base de datos]
[2020Oct22 17:19:47,491][INFO ][1603403387473][doPost RTBSSLSServlet.java:73][Response Generado: <?xml version="1.0" encoding="UTF-8"?>
<RTBS_SLS_OUT>
	<OperationMessage>
		<Code>RTBS_SLS_OM0003</Code>
		<Message>La informacion solicitada no ha sido encontrada en la base de datos</Message>
	</OperationMessage>
</RTBS_SLS_OUT>
]
[2020Oct22 17:21:19,398][INFO ][1603403479398][doPost RTBSSLSServlet.java:60][XML Recibido: <?xml version="1.0" encoding="utf-8"?><RTBS_SLS_IN><Channel>SIEBEL</Channel><System>SIEBEL</System><SIMCard><IMSI>584128888888</IMSI></SIMCard></RTBS_SLS_IN>]
[2020Oct22 17:21:19,414][INFO ][1603403479398][processRequest FCController.java:231][El iccid solicitado no ha sido encontrado en la base de datos]
[2020Oct22 17:21:19,415][INFO ][1603403479398][doPost RTBSSLSServlet.java:73][Response Generado: <?xml version="1.0" encoding="UTF-8"?>
<RTBS_SLS_OUT>
	<OperationMessage>
		<Code>RTBS_SLS_OM0003</Code>
		<Message>La informacion solicitada no ha sido encontrada en la base de datos</Message>
	</OperationMessage>
</RTBS_SLS_OUT>
]
[2020Oct22 17:24:35,473][INFO ][1603403675473][doPost RTBSSLSServlet.java:60][XML Recibido: <?xml version="1.0" encoding="utf-8"?><RTBS_SLS_IN><Channel>SIEBEL</Channel><System>SIEBEL</System><SIMCard><IMSI>584128888888</IMSI></SIMCard></RTBS_SLS_IN>]
[2020Oct22 17:24:35,489][INFO ][1603403675473][processRequest FCController.java:231][El iccid solicitado no ha sido encontrado en la base de datos]
[2020Oct22 17:24:35,490][INFO ][1603403675473][doPost RTBSSLSServlet.java:73][Response Generado: <?xml version="1.0" encoding="UTF-8"?>
<RTBS_SLS_OUT>
	<OperationMessage>
		<Code>RTBS_SLS_OM0003</Code>
		<Message>La informacion solicitada no ha sido encontrada en la base de datos</Message>
	</OperationMessage>
</RTBS_SLS_OUT>
]
[2020Oct22 17:28:52,796][INFO ][1603403932796][doPost RTBSSLSServlet.java:60][XML Recibido: <?xml version="1.0" encoding="utf-8"?><RTBS_SLS_IN><Channel>SIEBEL</Channel><System>SIEBEL</System><SIMCard><IMSI>584128888888</IMSI></SIMCard></RTBS_SLS_IN>]
[2020Oct22 17:28:52,813][INFO ][1603403932796][processRequest FCController.java:231][El iccid solicitado no ha sido encontrado en la base de datos]
[2020Oct22 17:28:52,814][INFO ][1603403932796][doPost RTBSSLSServlet.java:73][Response Generado: <?xml version="1.0" encoding="UTF-8"?>
<RTBS_SLS_OUT>
	<OperationMessage>
		<Code>RTBS_SLS_OM0003</Code>
		<Message>La informacion solicitada no ha sido encontrada en la base de datos</Message>
	</OperationMessage>
</RTBS_SLS_OUT>
]
[2020Oct22 17:32:23,815][INFO ][1603404143815][doPost RTBSSLSServlet.java:60][XML Recibido: <?xml version="1.0" encoding="utf-8"?><RTBS_SLS_IN><Channel>SIEBEL</Channel><System>SIEBEL</System><SIMCard><IMSI>584128888888</IMSI></SIMCard></RTBS_SLS_IN>]
[2020Oct22 17:32:23,832][INFO ][1603404143815][processRequest FCController.java:231][El iccid solicitado no ha sido encontrado en la base de datos]
[2020Oct22 17:32:23,833][INFO ][1603404143815][doPost RTBSSLSServlet.java:73][Response Generado: <?xml version="1.0" encoding="UTF-8"?>
<RTBS_SLS_OUT>
	<OperationMessage>
		<Code>RTBS_SLS_OM0003</Code>
		<Message>La informacion solicitada no ha sido encontrada en la base de datos</Message>
	</OperationMessage>
</RTBS_SLS_OUT>
]
[2020Oct22 17:35:32,705][INFO ][1603404332705][doPost RTBSSLSServlet.java:60][XML Recibido: <?xml version="1.0" encoding="utf-8"?><RTBS_SLS_IN><Channel>SIEBEL</Channel><System>SIEBEL</System><SIMCard><IMSI>584128888888</IMSI></SIMCard></RTBS_SLS_IN>]
[2020Oct22 17:35:32,780][INFO ][1603404332705][processRequest FCController.java:231][El iccid solicitado no ha sido encontrado en la base de datos]
[2020Oct22 17:35:32,781][INFO ][1603404332705][doPost RTBSSLSServlet.java:73][Response Generado: <?xml version="1.0" encoding="UTF-8"?>
<RTBS_SLS_OUT>
	<OperationMessage>
		<Code>RTBS_SLS_OM0003</Code>
		<Message>La informacion solicitada no ha sido encontrada en la base de datos</Message>
	</OperationMessage>
</RTBS_SLS_OUT>
]
[2020Oct22 17:36:53,252][INFO ][1603404413252][doPost RTBSSLSServlet.java:60][XML Recibido: <?xml version="1.0" encoding="utf-8"?><RTBS_SLS_IN><Channel>SIEBEL</Channel><System>SIEBEL</System><SIMCard><IMSI>584128888888</IMSI></SIMCard></RTBS_SLS_IN>]
[2020Oct22 17:36:53,268][INFO ][1603404413252][processRequest FCController.java:231][El iccid solicitado no ha sido encontrado en la base de datos]
[2020Oct22 17:36:53,269][INFO ][1603404413252][doPost RTBSSLSServlet.java:73][Response Generado: <?xml version="1.0" encoding="UTF-8"?>
<RTBS_SLS_OUT>
	<OperationMessage>
		<Code>RTBS_SLS_OM0003</Code>
		<Message>La informacion solicitada no ha sido encontrada en la base de datos</Message>
	</OperationMessage>
</RTBS_SLS_OUT>
]
[2020Oct22 17:38:47,762][INFO ][1603404527762][doPost RTBSSLSServlet.java:60][XML Recibido: <?xml version="1.0" encoding="utf-8"?><RTBS_SLS_IN><Channel>SIEBEL</Channel><System>SIEBEL</System><SIMCard><IMSI>584128888888</IMSI></SIMCard></RTBS_SLS_IN>]
[2020Oct22 17:38:47,778][INFO ][1603404527762][processRequest FCController.java:231][El iccid solicitado no ha sido encontrado en la base de datos]
[2020Oct22 17:38:47,780][INFO ][1603404527762][doPost RTBSSLSServlet.java:73][Response Generado: <?xml version="1.0" encoding="UTF-8"?>
<RTBS_SLS_OUT>
	<OperationMessage>
		<Code>RTBS_SLS_OM0003</Code>
		<Message>La informacion solicitada no ha sido encontrada en la base de datos</Message>
	</OperationMessage>
</RTBS_SLS_OUT>
]
[2020Oct22 17:42:44,439][INFO ][1603404764439][doPost RTBSSLSServlet.java:60][XML Recibido: <?xml version="1.0" encoding="utf-8"?><RTBS_SLS_IN><Channel>SIEBEL</Channel><System>SIEBEL</System><SIMCard><IMSI>584128888888</IMSI></SIMCard></RTBS_SLS_IN>]
[2020Oct22 17:42:44,455][INFO ][1603404764439][processRequest FCController.java:231][El iccid solicitado no ha sido encontrado en la base de datos]
[2020Oct22 17:42:44,456][INFO ][1603404764439][doPost RTBSSLSServlet.java:73][Response Generado: <?xml version="1.0" encoding="UTF-8"?>
<RTBS_SLS_OUT>
	<OperationMessage>
		<Code>RTBS_SLS_OM0003</Code>
		<Message>La informacion solicitada no ha sido encontrada en la base de datos</Message>
	</OperationMessage>
</RTBS_SLS_OUT>
]
[2020Oct22 17:44:20,060][INFO ][1603404860060][doPost RTBSSLSServlet.java:60][XML Recibido: <?xml version="1.0" encoding="utf-8"?><RTBS_SLS_IN><Channel>SIEBEL</Channel><System>SIEBEL</System><SIMCard><IMSI>584128888888</IMSI></SIMCard></RTBS_SLS_IN>]
[2020Oct22 17:44:20,076][INFO ][1603404860060][processRequest FCController.java:231][El iccid solicitado no ha sido encontrado en la base de datos]
[2020Oct22 17:44:20,078][INFO ][1603404860060][doPost RTBSSLSServlet.java:73][Response Generado: <?xml version="1.0" encoding="UTF-8"?>
<RTBS_SLS_OUT>
	<OperationMessage>
		<Code>RTBS_SLS_OM0003</Code>
		<Message>La informacion solicitada no ha sido encontrada en la base de datos</Message>
	</OperationMessage>
</RTBS_SLS_OUT>
]
[2020Oct22 17:46:12,362][INFO ][1603404972362][doPost RTBSSLSServlet.java:60][XML Recibido: <?xml version="1.0" encoding="utf-8"?><RTBS_SLS_IN><Channel>SIEBEL</Channel><System>SIEBEL</System><SIMCard><IMSI>584128888888</IMSI></SIMCard></RTBS_SLS_IN>]
[2020Oct22 17:46:12,378][INFO ][1603404972362][processRequest FCController.java:231][El iccid solicitado no ha sido encontrado en la base de datos]
[2020Oct22 17:46:12,380][INFO ][1603404972362][doPost RTBSSLSServlet.java:73][Response Generado: <?xml version="1.0" encoding="UTF-8"?>
<RTBS_SLS_OUT>
	<OperationMessage>
		<Code>RTBS_SLS_OM0003</Code>
		<Message>La informacion solicitada no ha sido encontrada en la base de datos</Message>
	</OperationMessage>
</RTBS_SLS_OUT>
]
[2020Oct22 17:48:43,237][INFO ][1603405123237][doPost RTBSSLSServlet.java:60][XML Recibido: <?xml version="1.0" encoding="utf-8"?><RTBS_SLS_IN><Channel>SIEBEL</Channel><System>SIEBEL</System><SIMCard><IMSI>584128888888</IMSI></SIMCard></RTBS_SLS_IN>]
[2020Oct22 17:48:43,254][INFO ][1603405123237][processRequest FCController.java:231][El iccid solicitado no ha sido encontrado en la base de datos]
[2020Oct22 17:48:43,255][INFO ][1603405123237][doPost RTBSSLSServlet.java:73][Response Generado: <?xml version="1.0" encoding="UTF-8"?>
<RTBS_SLS_OUT>
	<OperationMessage>
		<Code>RTBS_SLS_OM0003</Code>
		<Message>La informacion solicitada no ha sido encontrada en la base de datos</Message>
	</OperationMessage>
</RTBS_SLS_OUT>
]
[2020Oct22 17:57:36,177][INFO ][1603405656177][doPost RTBSSLSServlet.java:60][XML Recibido: <?xml version="1.0" encoding="utf-8"?><RTBS_SLS_IN><Channel>SIEBEL</Channel><System>SIEBEL</System><SIMCard><IMSI>584128888888</IMSI></SIMCard></RTBS_SLS_IN>]
[2020Oct22 17:57:36,193][INFO ][1603405656177][processRequest FCController.java:231][El iccid solicitado no ha sido encontrado en la base de datos]
[2020Oct22 17:57:36,194][INFO ][1603405656177][doPost RTBSSLSServlet.java:73][Response Generado: <?xml version="1.0" encoding="UTF-8"?>
<RTBS_SLS_OUT>
	<OperationMessage>
		<Code>RTBS_SLS_OM0003</Code>
		<Message>La informacion solicitada no ha sido encontrada en la base de datos</Message>
	</OperationMessage>
</RTBS_SLS_OUT>
]
[2020Oct22 18:00:24,235][INFO ][1603405824235][doPost RTBSSLSServlet.java:60][XML Recibido: <?xml version="1.0" encoding="utf-8"?><RTBS_SLS_IN><Channel>SIEBEL</Channel><System>SIEBEL</System><SIMCard><IMSI>584128888888</IMSI></SIMCard></RTBS_SLS_IN>]
[2020Oct22 18:00:24,251][INFO ][1603405824235][processRequest FCController.java:231][El iccid solicitado no ha sido encontrado en la base de datos]
[2020Oct22 18:00:24,253][INFO ][1603405824235][doPost RTBSSLSServlet.java:73][Response Generado: <?xml version="1.0" encoding="UTF-8"?>
<RTBS_SLS_OUT>
	<OperationMessage>
		<Code>RTBS_SLS_OM0003</Code>
		<Message>La informacion solicitada no ha sido encontrada en la base de datos</Message>
	</OperationMessage>
</RTBS_SLS_OUT>
]
[2020Oct22 18:03:02,920][INFO ][1603405982920][doPost RTBSSLSServlet.java:60][XML Recibido: <?xml version="1.0" encoding="utf-8"?><RTBS_SLS_IN><Channel>SIEBEL</Channel><System>SIEBEL</System><SIMCard><IMSI>584128888888</IMSI></SIMCard></RTBS_SLS_IN>]
[2020Oct22 18:03:02,935][INFO ][1603405982920][processRequest FCController.java:231][El iccid solicitado no ha sido encontrado en la base de datos]
[2020Oct22 18:03:02,936][INFO ][1603405982920][doPost RTBSSLSServlet.java:73][Response Generado: <?xml version="1.0" encoding="UTF-8"?>
<RTBS_SLS_OUT>
	<OperationMessage>
		<Code>RTBS_SLS_OM0003</Code>
		<Message>La informacion solicitada no ha sido encontrada en la base de datos</Message>
	</OperationMessage>
</RTBS_SLS_OUT>
]
[2020Oct22 18:05:13,953][INFO ][1603406113953][doPost RTBSSLSServlet.java:60][XML Recibido: <?xml version="1.0" encoding="utf-8"?><RTBS_SLS_IN><Channel>SIEBEL</Channel><System>SIEBEL</System><SIMCard><IMSI>584128888888</IMSI></SIMCard></RTBS_SLS_IN>]
[2020Oct22 18:05:13,970][INFO ][1603406113953][processRequest FCController.java:231][El iccid solicitado no ha sido encontrado en la base de datos]
[2020Oct22 18:05:13,971][INFO ][1603406113953][doPost RTBSSLSServlet.java:73][Response Generado: <?xml version="1.0" encoding="UTF-8"?>
<RTBS_SLS_OUT>
	<OperationMessage>
		<Code>RTBS_SLS_OM0003</Code>
		<Message>La informacion solicitada no ha sido encontrada en la base de datos</Message>
	</OperationMessage>
</RTBS_SLS_OUT>
]
[2020Oct22 18:06:34,505][INFO ][1603406194505][doPost RTBSSLSServlet.java:60][XML Recibido: <?xml version="1.0" encoding="utf-8"?><RTBS_SLS_IN><Channel>SIEBEL</Channel><System>SIEBEL</System><SIMCard><IMSI>584128888888</IMSI></SIMCard></RTBS_SLS_IN>]
[2020Oct22 18:06:34,520][INFO ][1603406194505][processRequest FCController.java:231][El iccid solicitado no ha sido encontrado en la base de datos]
[2020Oct22 18:06:34,522][INFO ][1603406194505][doPost RTBSSLSServlet.java:73][Response Generado: <?xml version="1.0" encoding="UTF-8"?>
<RTBS_SLS_OUT>
	<OperationMessage>
		<Code>RTBS_SLS_OM0003</Code>
		<Message>La informacion solicitada no ha sido encontrada en la base de datos</Message>
	</OperationMessage>
</RTBS_SLS_OUT>
]
[2020Oct22 18:09:51,096][INFO ][1603406391096][doPost RTBSSLSServlet.java:60][XML Recibido: <?xml version="1.0" encoding="utf-8"?><RTBS_SLS_IN><Channel>SIEBEL</Channel><System>SIEBEL</System><SIMCard><IMSI>584128888888</IMSI></SIMCard></RTBS_SLS_IN>]
[2020Oct22 18:09:51,112][INFO ][1603406391096][processRequest FCController.java:231][El iccid solicitado no ha sido encontrado en la base de datos]
[2020Oct22 18:09:51,113][INFO ][1603406391096][doPost RTBSSLSServlet.java:73][Response Generado: <?xml version="1.0" encoding="UTF-8"?>
<RTBS_SLS_OUT>
	<OperationMessage>
		<Code>RTBS_SLS_OM0003</Code>
		<Message>La informacion solicitada no ha sido encontrada en la base de datos</Message>
	</OperationMessage>
</RTBS_SLS_OUT>
]
[2020Oct22 18:33:07,995][INFO ][1603407787995][doPost RTBSSLSServlet.java:60][XML Recibido: <?xml version="1.0" encoding="utf-8"?><RTBS_SLS_IN><Channel>SIEBEL</Channel><System>SIEBEL</System><SIMCard><IMSI>584128888888</IMSI></SIMCard></RTBS_SLS_IN>]
[2020Oct22 18:33:09,137][INFO ][1603407787995][processRequest FCController.java:231][El iccid solicitado no ha sido encontrado en la base de datos]
[2020Oct22 18:33:09,139][INFO ][1603407787995][doPost RTBSSLSServlet.java:73][Response Generado: <?xml version="1.0" encoding="UTF-8"?>
<RTBS_SLS_OUT>
	<OperationMessage>
		<Code>RTBS_SLS_OM0003</Code>
		<Message>La informacion solicitada no ha sido encontrada en la base de datos</Message>
	</OperationMessage>
</RTBS_SLS_OUT>
]
[2020Oct22 18:35:45,442][INFO ][1603407945442][doPost RTBSSLSServlet.java:60][XML Recibido: <?xml version="1.0" encoding="utf-8"?><RTBS_SLS_IN><Channel>SIEBEL</Channel><System>SIEBEL</System><SIMCard><IMSI>584128888888</IMSI></SIMCard></RTBS_SLS_IN>]
[2020Oct22 18:35:45,458][INFO ][1603407945442][processRequest FCController.java:231][El iccid solicitado no ha sido encontrado en la base de datos]
[2020Oct22 18:35:45,459][INFO ][1603407945442][doPost RTBSSLSServlet.java:73][Response Generado: <?xml version="1.0" encoding="UTF-8"?>
<RTBS_SLS_OUT>
	<OperationMessage>
		<Code>RTBS_SLS_OM0003</Code>
		<Message>La informacion solicitada no ha sido encontrada en la base de datos</Message>
	</OperationMessage>
</RTBS_SLS_OUT>
]
[2020Oct22 18:39:44,055][INFO ][1603408184055][doPost RTBSSLSServlet.java:60][XML Recibido: <?xml version="1.0" encoding="utf-8"?><RTBS_SLS_IN><Channel>SIEBEL</Channel><System>SIEBEL</System><SIMCard><IMSI>584128888888</IMSI></SIMCard></RTBS_SLS_IN>]
[2020Oct22 18:39:44,071][INFO ][1603408184055][processRequest FCController.java:231][El iccid solicitado no ha sido encontrado en la base de datos]
[2020Oct22 18:39:44,073][INFO ][1603408184055][doPost RTBSSLSServlet.java:73][Response Generado: <?xml version="1.0" encoding="UTF-8"?>
<RTBS_SLS_OUT>
	<OperationMessage>
		<Code>RTBS_SLS_OM0003</Code>
		<Message>La informacion solicitada no ha sido encontrada en la base de datos</Message>
	</OperationMessage>
</RTBS_SLS_OUT>
]
[2020Oct22 18:41:36,751][INFO ][1603408296751][doPost RTBSSLSServlet.java:60][XML Recibido: <?xml version="1.0" encoding="utf-8"?><RTBS_SLS_IN><Channel>SIEBEL</Channel><System>SIEBEL</System><SIMCard><IMSI>584128888888</IMSI></SIMCard></RTBS_SLS_IN>]
[2020Oct22 18:41:36,768][INFO ][1603408296751][processRequest FCController.java:231][El iccid solicitado no ha sido encontrado en la base de datos]
[2020Oct22 18:41:36,770][INFO ][1603408296751][doPost RTBSSLSServlet.java:73][Response Generado: <?xml version="1.0" encoding="UTF-8"?>
<RTBS_SLS_OUT>
	<OperationMessage>
		<Code>RTBS_SLS_OM0003</Code>
		<Message>La informacion solicitada no ha sido encontrada en la base de datos</Message>
	</OperationMessage>
</RTBS_SLS_OUT>
]
[2020Oct22 18:43:26,856][INFO ][1603408406856][doPost RTBSSLSServlet.java:60][XML Recibido: <?xml version="1.0" encoding="utf-8"?><RTBS_SLS_IN><Channel>SIEBEL</Channel><System>SIEBEL</System><SIMCard><IMSI>584128888888</IMSI></SIMCard></RTBS_SLS_IN>]
[2020Oct22 18:43:26,872][INFO ][1603408406856][processRequest FCController.java:231][El iccid solicitado no ha sido encontrado en la base de datos]
[2020Oct22 18:43:26,873][INFO ][1603408406856][doPost RTBSSLSServlet.java:73][Response Generado: <?xml version="1.0" encoding="UTF-8"?>
<RTBS_SLS_OUT>
	<OperationMessage>
		<Code>RTBS_SLS_OM0003</Code>
		<Message>La informacion solicitada no ha sido encontrada en la base de datos</Message>
	</OperationMessage>
</RTBS_SLS_OUT>
]
[2020Oct22 18:45:10,472][INFO ][1603408510472][doPost RTBSSLSServlet.java:60][XML Recibido: <?xml version="1.0" encoding="utf-8"?><RTBS_SLS_IN><Channel>SIEBEL</Channel><System>SIEBEL</System><SIMCard><IMSI>584128888888</IMSI></SIMCard></RTBS_SLS_IN>]
[2020Oct22 18:45:10,490][INFO ][1603408510472][processRequest FCController.java:231][El iccid solicitado no ha sido encontrado en la base de datos]
[2020Oct22 18:45:10,492][INFO ][1603408510472][doPost RTBSSLSServlet.java:73][Response Generado: <?xml version="1.0" encoding="UTF-8"?>
<RTBS_SLS_OUT>
	<OperationMessage>
		<Code>RTBS_SLS_OM0003</Code>
		<Message>La informacion solicitada no ha sido encontrada en la base de datos</Message>
	</OperationMessage>
</RTBS_SLS_OUT>
]
[2020Oct22 19:02:12,991][INFO ][1603409532991][doPost RTBSSLSServlet.java:60][XML Recibido: <?xml version="1.0" encoding="utf-8"?><RTBS_SLS_IN><Channel>SIEBEL</Channel><System>SIEBEL</System><SIMCard><IMSI>734027004902737</IMSI></SIMCard></RTBS_SLS_IN>]
[2020Oct22 19:02:13,007][INFO ][1603409532991][doPost RTBSSLSServlet.java:73][Response Generado: <?xml version="1.0" encoding="UTF-8"?>
<RTBS_SLS_OUT>
	<OperationMessage>
		<Code>RTBS_SLS-OM0001</Code>
		<Message>Operacion ejecutada de forma exitosa</Message>
	</OperationMessage>
	<SIMCard>
		<ICCID>8958021910170849125F</ICCID>
		<PUK>50599820</PUK>
		<PUK2>20840521</PUK2>
	</SIMCard>
</RTBS_SLS_OUT>
]
[2020Oct22 19:04:21,119][INFO ][1603409661119][doPost RTBSSLSServlet.java:60][XML Recibido: <?xml version="1.0" encoding="utf-8"?><RTBS_SLS_IN><Channel>SIEBEL</Channel><System>SIEBEL</System><SIMCard><IMSI>734027004902737</IMSI></SIMCard></RTBS_SLS_IN>]
[2020Oct22 19:04:21,167][INFO ][1603409661119][doPost RTBSSLSServlet.java:73][Response Generado: <?xml version="1.0" encoding="UTF-8"?>
<RTBS_SLS_OUT>
	<OperationMessage>
		<Code>RTBS_SLS-OM0001</Code>
		<Message>Operacion ejecutada de forma exitosa</Message>
	</OperationMessage>
	<SIMCard>
		<ICCID>8958021910170849125F</ICCID>
		<PUK>50599820</PUK>
		<PUK2>20840521</PUK2>
	</SIMCard>
</RTBS_SLS_OUT>
]
